

Started GET "/auth/twitter/callback" for 127.0.0.1 at 2015-04-25 21:10:50 -0700
Connecting to database specified by database.yml

OmniAuth::NoSessionError (Session Expired):
  omniauth-oauth (1.0.1) lib/omniauth/strategies/oauth.rb:46:in `callback_phase'
  omniauth (1.1.4) lib/omniauth/strategy.rb:226:in `callback_call'
  omniauth (1.1.4) lib/omniauth/strategy.rb:182:in `call!'
  omniauth (1.1.4) lib/omniauth/strategy.rb:164:in `call'
  omniauth (1.1.4) lib/omniauth/builder.rb:49:in `call'
  actionpack (3.2.16) lib/action_dispatch/middleware/best_standards_support.rb:17:in `call'
  rack (1.4.5) lib/rack/etag.rb:23:in `call'
  rack (1.4.5) lib/rack/conditionalget.rb:25:in `call'
  actionpack (3.2.16) lib/action_dispatch/middleware/head.rb:14:in `call'
  actionpack (3.2.16) lib/action_dispatch/middleware/params_parser.rb:21:in `call'
  actionpack (3.2.16) lib/action_dispatch/middleware/flash.rb:242:in `call'
  rack (1.4.5) lib/rack/session/abstract/id.rb:210:in `context'
  rack (1.4.5) lib/rack/session/abstract/id.rb:205:in `call'
  actionpack (3.2.16) lib/action_dispatch/middleware/cookies.rb:341:in `call'
  activerecord (3.2.16) lib/active_record/query_cache.rb:64:in `call'
  activerecord (3.2.16) lib/active_record/connection_adapters/abstract/connection_pool.rb:479:in `call'
  actionpack (3.2.16) lib/action_dispatch/middleware/callbacks.rb:28:in `block in call'
  activesupport (3.2.16) lib/active_support/callbacks.rb:405:in `_run__3421733068325200573__call__1950096967399707297__callbacks'
  activesupport (3.2.16) lib/active_support/callbacks.rb:405:in `__run_callback'
  activesupport (3.2.16) lib/active_support/callbacks.rb:385:in `_run_call_callbacks'
  activesupport (3.2.16) lib/active_support/callbacks.rb:81:in `run_callbacks'
  actionpack (3.2.16) lib/action_dispatch/middleware/callbacks.rb:27:in `call'
  actionpack (3.2.16) lib/action_dispatch/middleware/reloader.rb:65:in `call'
  actionpack (3.2.16) lib/action_dispatch/middleware/remote_ip.rb:31:in `call'
  actionpack (3.2.16) lib/action_dispatch/middleware/debug_exceptions.rb:16:in `call'
  actionpack (3.2.16) lib/action_dispatch/middleware/show_exceptions.rb:56:in `call'
  railties (3.2.16) lib/rails/rack/logger.rb:32:in `call_app'
  railties (3.2.16) lib/rails/rack/logger.rb:16:in `block in call'
  activesupport (3.2.16) lib/active_support/tagged_logging.rb:22:in `tagged'
  railties (3.2.16) lib/rails/rack/logger.rb:16:in `call'
  actionpack (3.2.16) lib/action_dispatch/middleware/request_id.rb:22:in `call'
  rack (1.4.5) lib/rack/methodoverride.rb:21:in `call'
  rack (1.4.5) lib/rack/runtime.rb:17:in `call'
  activesupport (3.2.16) lib/active_support/cache/strategy/local_cache.rb:72:in `call'
  rack (1.4.5) lib/rack/lock.rb:15:in `call'
  actionpack (3.2.16) lib/action_dispatch/middleware/static.rb:63:in `call'
  railties (3.2.16) lib/rails/engine.rb:484:in `call'
  railties (3.2.16) lib/rails/application.rb:231:in `call'
  rack (1.4.5) lib/rack/content_length.rb:14:in `call'
  railties (3.2.16) lib/rails/rack/log_tailer.rb:17:in `call'
  rack (1.4.5) lib/rack/handler/webrick.rb:59:in `service'
  /Users/winniecheung/.rvm/rubies/ruby-1.9.3-p551/lib/ruby/1.9.1/webrick/httpserver.rb:138:in `service'
  /Users/winniecheung/.rvm/rubies/ruby-1.9.3-p551/lib/ruby/1.9.1/webrick/httpserver.rb:94:in `run'
  /Users/winniecheung/.rvm/rubies/ruby-1.9.3-p551/lib/ruby/1.9.1/webrick/server.rb:191:in `block in start_thread'


  Rendered /Users/winniecheung/.rvm/gems/ruby-1.9.3-p551/gems/actionpack-3.2.16/lib/action_dispatch/middleware/templates/rescues/_trace.erb (1.3ms)
  Rendered /Users/winniecheung/.rvm/gems/ruby-1.9.3-p551/gems/actionpack-3.2.16/lib/action_dispatch/middleware/templates/rescues/_request_and_response.erb (43.8ms)
  Rendered /Users/winniecheung/.rvm/gems/ruby-1.9.3-p551/gems/actionpack-3.2.16/lib/action_dispatch/middleware/templates/rescues/diagnostics.erb within rescues/layout (75.9ms)


Started GET "/auth/twitter/callback" for 127.0.0.1 at 2015-04-25 21:11:49 -0700

OmniAuth::NoSessionError (Session Expired):
  omniauth-oauth (1.0.1) lib/omniauth/strategies/oauth.rb:46:in `callback_phase'
  omniauth (1.1.4) lib/omniauth/strategy.rb:226:in `callback_call'
  omniauth (1.1.4) lib/omniauth/strategy.rb:182:in `call!'
  omniauth (1.1.4) lib/omniauth/strategy.rb:164:in `call'
  omniauth (1.1.4) lib/omniauth/builder.rb:49:in `call'
  actionpack (3.2.16) lib/action_dispatch/middleware/best_standards_support.rb:17:in `call'
  rack (1.4.5) lib/rack/etag.rb:23:in `call'
  rack (1.4.5) lib/rack/conditionalget.rb:25:in `call'
  actionpack (3.2.16) lib/action_dispatch/middleware/head.rb:14:in `call'
  actionpack (3.2.16) lib/action_dispatch/middleware/params_parser.rb:21:in `call'
  actionpack (3.2.16) lib/action_dispatch/middleware/flash.rb:242:in `call'
  rack (1.4.5) lib/rack/session/abstract/id.rb:210:in `context'
  rack (1.4.5) lib/rack/session/abstract/id.rb:205:in `call'
  actionpack (3.2.16) lib/action_dispatch/middleware/cookies.rb:341:in `call'
  activerecord (3.2.16) lib/active_record/query_cache.rb:64:in `call'
  activerecord (3.2.16) lib/active_record/connection_adapters/abstract/connection_pool.rb:479:in `call'
  actionpack (3.2.16) lib/action_dispatch/middleware/callbacks.rb:28:in `block in call'
  activesupport (3.2.16) lib/active_support/callbacks.rb:405:in `_run__3421733068325200573__call__1950096967399707297__callbacks'
  activesupport (3.2.16) lib/active_support/callbacks.rb:405:in `__run_callback'
  activesupport (3.2.16) lib/active_support/callbacks.rb:385:in `_run_call_callbacks'
  activesupport (3.2.16) lib/active_support/callbacks.rb:81:in `run_callbacks'
  actionpack (3.2.16) lib/action_dispatch/middleware/callbacks.rb:27:in `call'
  actionpack (3.2.16) lib/action_dispatch/middleware/reloader.rb:65:in `call'
  actionpack (3.2.16) lib/action_dispatch/middleware/remote_ip.rb:31:in `call'
  actionpack (3.2.16) lib/action_dispatch/middleware/debug_exceptions.rb:16:in `call'
  actionpack (3.2.16) lib/action_dispatch/middleware/show_exceptions.rb:56:in `call'
  railties (3.2.16) lib/rails/rack/logger.rb:32:in `call_app'
  railties (3.2.16) lib/rails/rack/logger.rb:16:in `block in call'
  activesupport (3.2.16) lib/active_support/tagged_logging.rb:22:in `tagged'
  railties (3.2.16) lib/rails/rack/logger.rb:16:in `call'
  actionpack (3.2.16) lib/action_dispatch/middleware/request_id.rb:22:in `call'
  rack (1.4.5) lib/rack/methodoverride.rb:21:in `call'
  rack (1.4.5) lib/rack/runtime.rb:17:in `call'
  activesupport (3.2.16) lib/active_support/cache/strategy/local_cache.rb:72:in `call'
  rack (1.4.5) lib/rack/lock.rb:15:in `call'
  actionpack (3.2.16) lib/action_dispatch/middleware/static.rb:63:in `call'
  railties (3.2.16) lib/rails/engine.rb:484:in `call'
  railties (3.2.16) lib/rails/application.rb:231:in `call'
  rack (1.4.5) lib/rack/content_length.rb:14:in `call'
  railties (3.2.16) lib/rails/rack/log_tailer.rb:17:in `call'
  rack (1.4.5) lib/rack/handler/webrick.rb:59:in `service'
  /Users/winniecheung/.rvm/rubies/ruby-1.9.3-p551/lib/ruby/1.9.1/webrick/httpserver.rb:138:in `service'
  /Users/winniecheung/.rvm/rubies/ruby-1.9.3-p551/lib/ruby/1.9.1/webrick/httpserver.rb:94:in `run'
  /Users/winniecheung/.rvm/rubies/ruby-1.9.3-p551/lib/ruby/1.9.1/webrick/server.rb:191:in `block in start_thread'


  Rendered /Users/winniecheung/.rvm/gems/ruby-1.9.3-p551/gems/actionpack-3.2.16/lib/action_dispatch/middleware/templates/rescues/_trace.erb (1.1ms)
  Rendered /Users/winniecheung/.rvm/gems/ruby-1.9.3-p551/gems/actionpack-3.2.16/lib/action_dispatch/middleware/templates/rescues/_request_and_response.erb (0.9ms)
  Rendered /Users/winniecheung/.rvm/gems/ruby-1.9.3-p551/gems/actionpack-3.2.16/lib/action_dispatch/middleware/templates/rescues/diagnostics.erb within rescues/layout (10.2ms)


Started GET "/auth/twitter/callback" for 127.0.0.1 at 2015-04-25 21:11:52 -0700

OmniAuth::NoSessionError (Session Expired):
  omniauth-oauth (1.0.1) lib/omniauth/strategies/oauth.rb:46:in `callback_phase'
  omniauth (1.1.4) lib/omniauth/strategy.rb:226:in `callback_call'
  omniauth (1.1.4) lib/omniauth/strategy.rb:182:in `call!'
  omniauth (1.1.4) lib/omniauth/strategy.rb:164:in `call'
  omniauth (1.1.4) lib/omniauth/builder.rb:49:in `call'
  actionpack (3.2.16) lib/action_dispatch/middleware/best_standards_support.rb:17:in `call'
  rack (1.4.5) lib/rack/etag.rb:23:in `call'
  rack (1.4.5) lib/rack/conditionalget.rb:25:in `call'
  actionpack (3.2.16) lib/action_dispatch/middleware/head.rb:14:in `call'
  actionpack (3.2.16) lib/action_dispatch/middleware/params_parser.rb:21:in `call'
  actionpack (3.2.16) lib/action_dispatch/middleware/flash.rb:242:in `call'
  rack (1.4.5) lib/rack/session/abstract/id.rb:210:in `context'
  rack (1.4.5) lib/rack/session/abstract/id.rb:205:in `call'
  actionpack (3.2.16) lib/action_dispatch/middleware/cookies.rb:341:in `call'
  activerecord (3.2.16) lib/active_record/query_cache.rb:64:in `call'
  activerecord (3.2.16) lib/active_record/connection_adapters/abstract/connection_pool.rb:479:in `call'
  actionpack (3.2.16) lib/action_dispatch/middleware/callbacks.rb:28:in `block in call'
  activesupport (3.2.16) lib/active_support/callbacks.rb:405:in `_run__3421733068325200573__call__1950096967399707297__callbacks'
  activesupport (3.2.16) lib/active_support/callbacks.rb:405:in `__run_callback'
  activesupport (3.2.16) lib/active_support/callbacks.rb:385:in `_run_call_callbacks'
  activesupport (3.2.16) lib/active_support/callbacks.rb:81:in `run_callbacks'
  actionpack (3.2.16) lib/action_dispatch/middleware/callbacks.rb:27:in `call'
  actionpack (3.2.16) lib/action_dispatch/middleware/reloader.rb:65:in `call'
  actionpack (3.2.16) lib/action_dispatch/middleware/remote_ip.rb:31:in `call'
  actionpack (3.2.16) lib/action_dispatch/middleware/debug_exceptions.rb:16:in `call'
  actionpack (3.2.16) lib/action_dispatch/middleware/show_exceptions.rb:56:in `call'
  railties (3.2.16) lib/rails/rack/logger.rb:32:in `call_app'
  railties (3.2.16) lib/rails/rack/logger.rb:16:in `block in call'
  activesupport (3.2.16) lib/active_support/tagged_logging.rb:22:in `tagged'
  railties (3.2.16) lib/rails/rack/logger.rb:16:in `call'
  actionpack (3.2.16) lib/action_dispatch/middleware/request_id.rb:22:in `call'
  rack (1.4.5) lib/rack/methodoverride.rb:21:in `call'
  rack (1.4.5) lib/rack/runtime.rb:17:in `call'
  activesupport (3.2.16) lib/active_support/cache/strategy/local_cache.rb:72:in `call'
  rack (1.4.5) lib/rack/lock.rb:15:in `call'
  actionpack (3.2.16) lib/action_dispatch/middleware/static.rb:63:in `call'
  railties (3.2.16) lib/rails/engine.rb:484:in `call'
  railties (3.2.16) lib/rails/application.rb:231:in `call'
  rack (1.4.5) lib/rack/content_length.rb:14:in `call'
  railties (3.2.16) lib/rails/rack/log_tailer.rb:17:in `call'
  rack (1.4.5) lib/rack/handler/webrick.rb:59:in `service'
  /Users/winniecheung/.rvm/rubies/ruby-1.9.3-p551/lib/ruby/1.9.1/webrick/httpserver.rb:138:in `service'
  /Users/winniecheung/.rvm/rubies/ruby-1.9.3-p551/lib/ruby/1.9.1/webrick/httpserver.rb:94:in `run'
  /Users/winniecheung/.rvm/rubies/ruby-1.9.3-p551/lib/ruby/1.9.1/webrick/server.rb:191:in `block in start_thread'


  Rendered /Users/winniecheung/.rvm/gems/ruby-1.9.3-p551/gems/actionpack-3.2.16/lib/action_dispatch/middleware/templates/rescues/_trace.erb (0.9ms)
  Rendered /Users/winniecheung/.rvm/gems/ruby-1.9.3-p551/gems/actionpack-3.2.16/lib/action_dispatch/middleware/templates/rescues/_request_and_response.erb (1.1ms)
  Rendered /Users/winniecheung/.rvm/gems/ruby-1.9.3-p551/gems/actionpack-3.2.16/lib/action_dispatch/middleware/templates/rescues/diagnostics.erb within rescues/layout (8.2ms)


Started GET "/auth/twitter/callback" for 127.0.0.1 at 2015-04-25 21:29:25 -0700
Connecting to database specified by database.yml

OmniAuth::NoSessionError (Session Expired):
  omniauth-oauth (1.0.1) lib/omniauth/strategies/oauth.rb:46:in `callback_phase'
  omniauth (1.1.4) lib/omniauth/strategy.rb:226:in `callback_call'
  omniauth (1.1.4) lib/omniauth/strategy.rb:182:in `call!'
  omniauth (1.1.4) lib/omniauth/strategy.rb:164:in `call'
  omniauth (1.1.4) lib/omniauth/builder.rb:49:in `call'
  actionpack (3.2.16) lib/action_dispatch/middleware/best_standards_support.rb:17:in `call'
  rack (1.4.5) lib/rack/etag.rb:23:in `call'
  rack (1.4.5) lib/rack/conditionalget.rb:25:in `call'
  actionpack (3.2.16) lib/action_dispatch/middleware/head.rb:14:in `call'
  actionpack (3.2.16) lib/action_dispatch/middleware/params_parser.rb:21:in `call'
  actionpack (3.2.16) lib/action_dispatch/middleware/flash.rb:242:in `call'
  rack (1.4.5) lib/rack/session/abstract/id.rb:210:in `context'
  rack (1.4.5) lib/rack/session/abstract/id.rb:205:in `call'
  actionpack (3.2.16) lib/action_dispatch/middleware/cookies.rb:341:in `call'
  activerecord (3.2.16) lib/active_record/query_cache.rb:64:in `call'
  activerecord (3.2.16) lib/active_record/connection_adapters/abstract/connection_pool.rb:479:in `call'
  actionpack (3.2.16) lib/action_dispatch/middleware/callbacks.rb:28:in `block in call'
  activesupport (3.2.16) lib/active_support/callbacks.rb:405:in `_run__2315817945620257870__call__4398705965282101701__callbacks'
  activesupport (3.2.16) lib/active_support/callbacks.rb:405:in `__run_callback'
  activesupport (3.2.16) lib/active_support/callbacks.rb:385:in `_run_call_callbacks'
  activesupport (3.2.16) lib/active_support/callbacks.rb:81:in `run_callbacks'
  actionpack (3.2.16) lib/action_dispatch/middleware/callbacks.rb:27:in `call'
  actionpack (3.2.16) lib/action_dispatch/middleware/reloader.rb:65:in `call'
  actionpack (3.2.16) lib/action_dispatch/middleware/remote_ip.rb:31:in `call'
  actionpack (3.2.16) lib/action_dispatch/middleware/debug_exceptions.rb:16:in `call'
  actionpack (3.2.16) lib/action_dispatch/middleware/show_exceptions.rb:56:in `call'
  railties (3.2.16) lib/rails/rack/logger.rb:32:in `call_app'
  railties (3.2.16) lib/rails/rack/logger.rb:16:in `block in call'
  activesupport (3.2.16) lib/active_support/tagged_logging.rb:22:in `tagged'
  railties (3.2.16) lib/rails/rack/logger.rb:16:in `call'
  actionpack (3.2.16) lib/action_dispatch/middleware/request_id.rb:22:in `call'
  rack (1.4.5) lib/rack/methodoverride.rb:21:in `call'
  rack (1.4.5) lib/rack/runtime.rb:17:in `call'
  activesupport (3.2.16) lib/active_support/cache/strategy/local_cache.rb:72:in `call'
  rack (1.4.5) lib/rack/lock.rb:15:in `call'
  actionpack (3.2.16) lib/action_dispatch/middleware/static.rb:63:in `call'
  railties (3.2.16) lib/rails/engine.rb:484:in `call'
  railties (3.2.16) lib/rails/application.rb:231:in `call'
  rack (1.4.5) lib/rack/content_length.rb:14:in `call'
  railties (3.2.16) lib/rails/rack/log_tailer.rb:17:in `call'
  rack (1.4.5) lib/rack/handler/webrick.rb:59:in `service'
  /Users/winniecheung/.rvm/rubies/ruby-1.9.3-p551/lib/ruby/1.9.1/webrick/httpserver.rb:138:in `service'
  /Users/winniecheung/.rvm/rubies/ruby-1.9.3-p551/lib/ruby/1.9.1/webrick/httpserver.rb:94:in `run'
  /Users/winniecheung/.rvm/rubies/ruby-1.9.3-p551/lib/ruby/1.9.1/webrick/server.rb:191:in `block in start_thread'


  Rendered /Users/winniecheung/.rvm/gems/ruby-1.9.3-p551/gems/actionpack-3.2.16/lib/action_dispatch/middleware/templates/rescues/_trace.erb (1.2ms)
  Rendered /Users/winniecheung/.rvm/gems/ruby-1.9.3-p551/gems/actionpack-3.2.16/lib/action_dispatch/middleware/templates/rescues/_request_and_response.erb (15.5ms)
  Rendered /Users/winniecheung/.rvm/gems/ruby-1.9.3-p551/gems/actionpack-3.2.16/lib/action_dispatch/middleware/templates/rescues/diagnostics.erb within rescues/layout (29.9ms)
Connecting to database specified by database.yml
  [1m[36m (25.9ms)[0m  [1mselect sqlite_version(*)[0m
  [1m[35m (33.7ms)[0m  CREATE TABLE "schema_migrations" ("version" varchar(255) NOT NULL) 
  [1m[36m (1.9ms)[0m  [1mCREATE UNIQUE INDEX "unique_schema_migrations" ON "schema_migrations" ("version")[0m
  [1m[35m (2.4ms)[0m  SELECT "schema_migrations"."version" FROM "schema_migrations" 
Migrating to CreateMovies (20150216222942)
  [1m[36m (0.0ms)[0m  [1mbegin transaction[0m
  [1m[35m (0.7ms)[0m  CREATE TABLE "movies" ("id" INTEGER PRIMARY KEY AUTOINCREMENT NOT NULL, "title" varchar(255), "rating" varchar(255), "description" text, "release_date" datetime, "created_at" datetime NOT NULL, "updated_at" datetime NOT NULL) 
  [1m[36m (0.1ms)[0m  [1mINSERT INTO "schema_migrations" ("version") VALUES ('20150216222942')[0m
  [1m[35m (1.2ms)[0m  commit transaction
Migrating to CreateMovieusers (20150309190841)
  [1m[36m (0.0ms)[0m  [1mbegin transaction[0m
  [1m[35m (0.4ms)[0m  CREATE TABLE "movieusers" ("id" INTEGER PRIMARY KEY AUTOINCREMENT NOT NULL, "name" varchar(255), "provider" varchar(255), "uid" varchar(255), "created_at" datetime NOT NULL, "updated_at" datetime NOT NULL) 
  [1m[36m (0.1ms)[0m  [1mINSERT INTO "schema_migrations" ("version") VALUES ('20150309190841')[0m
  [1m[35m (1.2ms)[0m  commit transaction
Migrating to CreateReviews (20150316215729)
  [1m[36m (0.1ms)[0m  [1mbegin transaction[0m
  [1m[35m (0.4ms)[0m  CREATE TABLE "reviews" ("id" INTEGER PRIMARY KEY AUTOINCREMENT NOT NULL, "potatoes" integer, "comments" text, "movieuser_id" integer, "movie_id" integer) 
  [1m[36m (0.2ms)[0m  [1mINSERT INTO "schema_migrations" ("version") VALUES ('20150316215729')[0m
  [1m[35m (1.2ms)[0m  commit transaction
Migrating to CreateUsers (20150325173341)
  [1m[36m (0.0ms)[0m  [1mbegin transaction[0m
  [1m[35m (0.4ms)[0m  CREATE TABLE "users" ("id" INTEGER PRIMARY KEY AUTOINCREMENT NOT NULL, "email" varchar(255), "password_digest" varchar(255), "created_at" datetime NOT NULL, "updated_at" datetime NOT NULL) 
  [1m[36m (0.1ms)[0m  [1mINSERT INTO "schema_migrations" ("version") VALUES ('20150325173341')[0m
  [1m[35m (1.2ms)[0m  commit transaction
Migrating to AddNameToUser (20150330173145)
  [1m[36m (0.0ms)[0m  [1mbegin transaction[0m
  [1m[35m (0.6ms)[0m  ALTER TABLE "users" ADD "name" varchar(255)
  [1m[36m (0.1ms)[0m  [1mINSERT INTO "schema_migrations" ("version") VALUES ('20150330173145')[0m
  [1m[35m (1.0ms)[0m  commit transaction
  [1m[36m (0.1ms)[0m  [1mSELECT "schema_migrations"."version" FROM "schema_migrations" [0m
Connecting to database specified by database.yml
  [1m[36m (2.0ms)[0m  [1mSELECT "schema_migrations"."version" FROM "schema_migrations" [0m
  [1m[35m (0.1ms)[0m  begin transaction
  [1m[36mSQL (22.5ms)[0m  [1mINSERT INTO "movies" ("created_at", "description", "rating", "release_date", "title", "updated_at") VALUES (?, ?, ?, ?, ?, ?)[0m  [["created_at", Sun, 26 Apr 2015 05:48:41 UTC +00:00], ["description", nil], ["rating", "G"], ["release_date", Wed, 25 Nov 1992 00:00:00 UTC +00:00], ["title", "Aladdin"], ["updated_at", Sun, 26 Apr 2015 05:48:41 UTC +00:00]]
  [1m[35m (1.5ms)[0m  commit transaction
  [1m[36m (0.1ms)[0m  [1mbegin transaction[0m
  [1m[35mSQL (0.4ms)[0m  INSERT INTO "movies" ("created_at", "description", "rating", "release_date", "title", "updated_at") VALUES (?, ?, ?, ?, ?, ?)  [["created_at", Sun, 26 Apr 2015 05:48:41 UTC +00:00], ["description", nil], ["rating", "R"], ["release_date", Fri, 21 Jul 1989 00:00:00 UTC +00:00], ["title", "When Harry Met Sally"], ["updated_at", Sun, 26 Apr 2015 05:48:41 UTC +00:00]]
  [1m[36m (1.5ms)[0m  [1mcommit transaction[0m
  [1m[35m (0.0ms)[0m  begin transaction
  [1m[36mSQL (0.3ms)[0m  [1mINSERT INTO "movies" ("created_at", "description", "rating", "release_date", "title", "updated_at") VALUES (?, ?, ?, ?, ?, ?)[0m  [["created_at", Sun, 26 Apr 2015 05:48:41 UTC +00:00], ["description", nil], ["rating", "PG-13"], ["release_date", Wed, 10 Aug 2011 00:00:00 UTC +00:00], ["title", "The Help"], ["updated_at", Sun, 26 Apr 2015 05:48:41 UTC +00:00]]
  [1m[35m (2.0ms)[0m  commit transaction
  [1m[36m (0.0ms)[0m  [1mbegin transaction[0m
  [1m[35mSQL (0.5ms)[0m  INSERT INTO "movies" ("created_at", "description", "rating", "release_date", "title", "updated_at") VALUES (?, ?, ?, ?, ?, ?)  [["created_at", Sun, 26 Apr 2015 05:48:41 UTC +00:00], ["description", nil], ["rating", "PG"], ["release_date", Fri, 12 Jun 1981 00:00:00 UTC +00:00], ["title", "Raiders Of The Lost Ark"], ["updated_at", Sun, 26 Apr 2015 05:48:41 UTC +00:00]]
  [1m[36m (1.0ms)[0m  [1mcommit transaction[0m


Started GET "/movies" for 127.0.0.1 at 2015-04-25 22:49:03 -0700
Connecting to database specified by database.yml
Processing by MoviesController#index as HTML
  [1m[36mMovie Load (0.1ms)[0m  [1mSELECT "movies".* FROM "movies" [0m
  Rendered movies/index.html.haml within layouts/application (10.2ms)
Warning. Error encountered while saving cache /Users/winniecheung/GitHub/RP/tmp/cache/sass/72b530d899fbbf7ca4f0e638cda2bf47e1e551df/movies.css.scssc: can't dump anonymous class #<Class:0x007fd1ed097470>
Compiled movies.css  (13ms)  (pid 9194)
Warning. Error encountered while saving cache /Users/winniecheung/GitHub/RP/tmp/cache/sass/72b530d899fbbf7ca4f0e638cda2bf47e1e551df/reviews.css.scssc: can't dump anonymous class #<Class:0x007fd1ed097470>
Compiled reviews.css  (2ms)  (pid 9194)
Warning. Error encountered while saving cache /Users/winniecheung/GitHub/RP/tmp/cache/sass/72b530d899fbbf7ca4f0e638cda2bf47e1e551df/users.css.scssc: can't dump anonymous class #<Class:0x007fd1ed097470>
Compiled users.css  (1ms)  (pid 9194)
Compiled application.css  (65ms)  (pid 9194)
Compiled jquery.js  (1ms)  (pid 9194)
Compiled jquery_ujs.js  (0ms)  (pid 9194)
Compiled movies.js  (595ms)  (pid 9194)
Compiled reviews.js  (68ms)  (pid 9194)
Compiled users.js  (44ms)  (pid 9194)
Compiled application.js  (874ms)  (pid 9194)
Completed 200 OK in 1151.9ms (Views: 1098.7ms | ActiveRecord: 24.0ms)


Started GET "/assets/reviews.css?body=1" for 127.0.0.1 at 2015-04-25 22:49:05 -0700
Served asset /reviews.css - 200 OK (2ms)


Started GET "/assets/reviews.js?body=1" for 127.0.0.1 at 2015-04-25 22:49:05 -0700
Served asset /reviews.js - 200 OK (1ms)


Started GET "/assets/users.css?body=1" for 127.0.0.1 at 2015-04-25 22:49:05 -0700
Served asset /users.css - 200 OK (1ms)


Started GET "/assets/users.js?body=1" for 127.0.0.1 at 2015-04-25 22:49:05 -0700
Served asset /users.js - 200 OK (1ms)


Started GET "/assets/movies.css?body=1" for 127.0.0.1 at 2015-04-25 22:49:05 -0700
Served asset /movies.css - 200 OK (30ms)


Started GET "/assets/movies.js?body=1" for 127.0.0.1 at 2015-04-25 22:49:05 -0700
Served asset /movies.js - 200 OK (1ms)


Started GET "/assets/jquery_ujs.js?body=1" for 127.0.0.1 at 2015-04-25 22:49:05 -0700
Served asset /jquery_ujs.js - 304 Not Modified (2ms)


Started GET "/assets/jquery.js?body=1" for 127.0.0.1 at 2015-04-25 22:49:05 -0700
Served asset /jquery.js - 200 OK (2ms)


Started GET "/movies" for 127.0.0.1 at 2015-04-25 22:49:07 -0700
Processing by MoviesController#index as HTML
  [1m[35mMovie Load (0.2ms)[0m  SELECT "movies".* FROM "movies" 
  Rendered movies/index.html.haml within layouts/application (2.8ms)
Completed 200 OK in 36.3ms (Views: 35.2ms | ActiveRecord: 0.2ms)


Started GET "/assets/jquery_ujs.js?body=1" for 127.0.0.1 at 2015-04-25 22:49:07 -0700
Served asset /jquery_ujs.js - 304 Not Modified (0ms)


Started GET "/movies" for 127.0.0.1 at 2015-04-25 22:49:10 -0700
Processing by MoviesController#index as HTML
  [1m[36mMovie Load (0.2ms)[0m  [1mSELECT "movies".* FROM "movies" [0m
  Rendered movies/index.html.haml within layouts/application (2.0ms)
Completed 200 OK in 7.0ms (Views: 6.1ms | ActiveRecord: 0.2ms)


Started GET "/assets/jquery_ujs.js?body=1" for 127.0.0.1 at 2015-04-25 22:49:10 -0700
Served asset /jquery_ujs.js - 304 Not Modified (0ms)


Started GET "/movies" for 127.0.0.1 at 2015-04-25 22:49:27 -0700
Processing by MoviesController#index as HTML
  [1m[35mMovie Load (0.2ms)[0m  SELECT "movies".* FROM "movies" 
  Rendered movies/index.html.haml within layouts/application (2.1ms)
Completed 200 OK in 7.0ms (Views: 6.1ms | ActiveRecord: 0.2ms)


Started GET "/assets/jquery_ujs.js?body=1" for 127.0.0.1 at 2015-04-25 22:49:27 -0700
Served asset /jquery_ujs.js - 304 Not Modified (0ms)


Started GET "/movies" for 127.0.0.1 at 2015-04-25 22:50:53 -0700
Connecting to database specified by database.yml
Processing by MoviesController#index as HTML
  [1m[36mMovie Load (0.1ms)[0m  [1mSELECT "movies".* FROM "movies" [0m
  Rendered movies/index.html.haml within layouts/application (22.0ms)
Completed 200 OK in 226.7ms (Views: 165.7ms | ActiveRecord: 2.7ms)


Started GET "/assets/application.css?body=1" for 127.0.0.1 at 2015-04-25 22:50:53 -0700
Served asset /application.css - 200 OK (3ms)


Started GET "/assets/jquery.js?body=1" for 127.0.0.1 at 2015-04-25 22:50:53 -0700
Served asset /jquery.js - 304 Not Modified (2ms)


Started GET "/assets/jquery_ujs.js?body=1" for 127.0.0.1 at 2015-04-25 22:50:53 -0700
Served asset /jquery_ujs.js - 304 Not Modified (1ms)


Started GET "/assets/users.css?body=1" for 127.0.0.1 at 2015-04-25 22:50:53 -0700
Served asset /users.css - 304 Not Modified (1ms)


Started GET "/assets/reviews.css?body=1" for 127.0.0.1 at 2015-04-25 22:50:53 -0700
Served asset /reviews.css - 304 Not Modified (1ms)


Started GET "/assets/movies.css?body=1" for 127.0.0.1 at 2015-04-25 22:50:53 -0700
Served asset /movies.css - 304 Not Modified (1ms)


Started GET "/assets/reviews.js?body=1" for 127.0.0.1 at 2015-04-25 22:50:53 -0700
Served asset /reviews.js - 304 Not Modified (1ms)


Started GET "/assets/movies.js?body=1" for 127.0.0.1 at 2015-04-25 22:50:53 -0700
Served asset /movies.js - 304 Not Modified (1ms)


Started GET "/assets/application.js?body=1" for 127.0.0.1 at 2015-04-25 22:50:53 -0700
Served asset /application.js - 200 OK (4ms)


Started GET "/assets/users.js?body=1" for 127.0.0.1 at 2015-04-25 22:50:53 -0700
Served asset /users.js - 304 Not Modified (1ms)


Started GET "/movies/new" for 127.0.0.1 at 2015-04-25 22:53:33 -0700
Processing by MoviesController#new as HTML
  Rendered movies/_movie_form.html.haml (63.0ms)
  Rendered movies/new.html.haml within layouts/application (93.0ms)
Compiled application.css  (1ms)  (pid 9369)
Completed 200 OK in 154.6ms (Views: 148.5ms | ActiveRecord: 0.5ms)


Started GET "/assets/movies.css?body=1" for 127.0.0.1 at 2015-04-25 22:53:34 -0700
Served asset /movies.css - 304 Not Modified (0ms)


Started GET "/assets/users.css?body=1" for 127.0.0.1 at 2015-04-25 22:53:34 -0700
Served asset /users.css - 304 Not Modified (0ms)


Started GET "/assets/reviews.css?body=1" for 127.0.0.1 at 2015-04-25 22:53:34 -0700
Served asset /reviews.css - 304 Not Modified (0ms)


Started GET "/assets/jquery_ujs.js?body=1" for 127.0.0.1 at 2015-04-25 22:53:34 -0700
Served asset /jquery_ujs.js - 304 Not Modified (0ms)


Started GET "/assets/movies.js?body=1" for 127.0.0.1 at 2015-04-25 22:53:34 -0700
Served asset /movies.js - 304 Not Modified (0ms)


Started GET "/assets/jquery.js?body=1" for 127.0.0.1 at 2015-04-25 22:53:34 -0700
Served asset /jquery.js - 304 Not Modified (0ms)


Started GET "/assets/reviews.js?body=1" for 127.0.0.1 at 2015-04-25 22:53:34 -0700
Served asset /reviews.js - 304 Not Modified (0ms)


Started GET "/assets/users.js?body=1" for 127.0.0.1 at 2015-04-25 22:53:34 -0700
Served asset /users.js - 304 Not Modified (0ms)


Started GET "/movies" for 127.0.0.1 at 2015-04-25 22:58:35 -0700
Processing by MoviesController#index as HTML
  [1m[35mMovie Load (0.3ms)[0m  SELECT "movies".* FROM "movies" WHERE "movies"."rating" IN ('G', 'PG', 'PG-13', 'R', 'NC-17')
  Rendered movies/index.html.haml within layouts/application (5.8ms)
Completed 200 OK in 84.6ms (Views: 10.6ms | ActiveRecord: 0.8ms)


Started GET "/assets/reviews.css?body=1" for 127.0.0.1 at 2015-04-25 22:58:35 -0700
Served asset /reviews.css - 304 Not Modified (0ms)


Started GET "/assets/jquery.js?body=1" for 127.0.0.1 at 2015-04-25 22:58:35 -0700
Served asset /jquery.js - 304 Not Modified (0ms)


Started GET "/assets/users.css?body=1" for 127.0.0.1 at 2015-04-25 22:58:35 -0700
Served asset /users.css - 304 Not Modified (0ms)


Started GET "/assets/application.css?body=1" for 127.0.0.1 at 2015-04-25 22:58:35 -0700
Served asset /application.css - 200 OK (14ms)


Started GET "/assets/jquery_ujs.js?body=1" for 127.0.0.1 at 2015-04-25 22:58:35 -0700
Served asset /jquery_ujs.js - 304 Not Modified (0ms)


Started GET "/assets/movies.css?body=1" for 127.0.0.1 at 2015-04-25 22:58:35 -0700
Served asset /movies.css - 304 Not Modified (0ms)


Started GET "/assets/movies.js?body=1" for 127.0.0.1 at 2015-04-25 22:58:35 -0700
Served asset /movies.js - 304 Not Modified (0ms)


Started GET "/assets/reviews.js?body=1" for 127.0.0.1 at 2015-04-25 22:58:35 -0700
Served asset /reviews.js - 304 Not Modified (0ms)


Started GET "/assets/users.js?body=1" for 127.0.0.1 at 2015-04-25 22:58:35 -0700
Served asset /users.js - 304 Not Modified (0ms)


Started GET "/assets/application.js?body=1" for 127.0.0.1 at 2015-04-25 22:58:35 -0700
Served asset /application.js - 304 Not Modified (0ms)


Started GET "/movies?sort_by=title" for 127.0.0.1 at 2015-04-25 22:58:37 -0700
Processing by MoviesController#index as HTML
  Parameters: {"sort_by"=>"title"}
  [1m[36mMovie Load (0.3ms)[0m  [1mSELECT "movies".* FROM "movies" WHERE "movies"."rating" IN ('G', 'PG', 'PG-13', 'R', 'NC-17') ORDER BY title[0m
  Rendered movies/index.html.haml within layouts/application (3.1ms)
Completed 200 OK in 8.8ms (Views: 7.1ms | ActiveRecord: 0.3ms)


Started GET "/assets/movies.css?body=1" for 127.0.0.1 at 2015-04-25 22:58:37 -0700
Served asset /movies.css - 304 Not Modified (0ms)


Started GET "/assets/users.css?body=1" for 127.0.0.1 at 2015-04-25 22:58:37 -0700
Served asset /users.css - 304 Not Modified (0ms)


Started GET "/assets/jquery.js?body=1" for 127.0.0.1 at 2015-04-25 22:58:37 -0700
Served asset /jquery.js - 304 Not Modified (0ms)


Started GET "/assets/jquery_ujs.js?body=1" for 127.0.0.1 at 2015-04-25 22:58:37 -0700
Served asset /jquery_ujs.js - 304 Not Modified (0ms)


Started GET "/assets/movies.js?body=1" for 127.0.0.1 at 2015-04-25 22:58:37 -0700
Served asset /movies.js - 304 Not Modified (0ms)


Started GET "/assets/reviews.css?body=1" for 127.0.0.1 at 2015-04-25 22:58:37 -0700
Served asset /reviews.css - 304 Not Modified (0ms)


Started GET "/assets/reviews.js?body=1" for 127.0.0.1 at 2015-04-25 22:58:37 -0700
Served asset /reviews.js - 304 Not Modified (0ms)


Started GET "/assets/users.js?body=1" for 127.0.0.1 at 2015-04-25 22:58:37 -0700
Served asset /users.js - 304 Not Modified (0ms)


Started GET "/assets/application.js?body=1" for 127.0.0.1 at 2015-04-25 22:58:37 -0700
Served asset /application.js - 304 Not Modified (0ms)


Started GET "/movies?sort_by=title" for 127.0.0.1 at 2015-04-25 22:58:38 -0700
Processing by MoviesController#index as HTML
  Parameters: {"sort_by"=>"title"}
  [1m[35mMovie Load (0.3ms)[0m  SELECT "movies".* FROM "movies" WHERE "movies"."rating" IN ('G', 'PG', 'PG-13', 'R', 'NC-17') ORDER BY title
  Rendered movies/index.html.haml within layouts/application (3.2ms)
Completed 200 OK in 9.2ms (Views: 8.0ms | ActiveRecord: 0.3ms)


Started GET "/assets/movies.css?body=1" for 127.0.0.1 at 2015-04-25 22:58:38 -0700
Served asset /movies.css - 304 Not Modified (0ms)


Started GET "/assets/reviews.css?body=1" for 127.0.0.1 at 2015-04-25 22:58:38 -0700
Served asset /reviews.css - 304 Not Modified (0ms)


Started GET "/assets/jquery_ujs.js?body=1" for 127.0.0.1 at 2015-04-25 22:58:38 -0700
Served asset /jquery_ujs.js - 304 Not Modified (0ms)


Started GET "/assets/movies.js?body=1" for 127.0.0.1 at 2015-04-25 22:58:38 -0700
Served asset /movies.js - 304 Not Modified (0ms)


Started GET "/assets/jquery.js?body=1" for 127.0.0.1 at 2015-04-25 22:58:38 -0700
Served asset /jquery.js - 304 Not Modified (0ms)


Started GET "/assets/users.css?body=1" for 127.0.0.1 at 2015-04-25 22:58:38 -0700
Served asset /users.css - 304 Not Modified (0ms)


Started GET "/assets/reviews.js?body=1" for 127.0.0.1 at 2015-04-25 22:58:38 -0700
Served asset /reviews.js - 304 Not Modified (0ms)


Started GET "/assets/users.js?body=1" for 127.0.0.1 at 2015-04-25 22:58:38 -0700
Served asset /users.js - 304 Not Modified (0ms)


Started GET "/assets/application.js?body=1" for 127.0.0.1 at 2015-04-25 22:58:38 -0700
Served asset /application.js - 304 Not Modified (0ms)


Started GET "/movies?sort_by=release_date" for 127.0.0.1 at 2015-04-25 22:58:40 -0700
Processing by MoviesController#index as HTML
  Parameters: {"sort_by"=>"release_date"}
  [1m[36mMovie Load (0.4ms)[0m  [1mSELECT "movies".* FROM "movies" WHERE "movies"."rating" IN ('G', 'PG', 'PG-13', 'R', 'NC-17') ORDER BY release_date[0m
  Rendered movies/index.html.haml within layouts/application (3.2ms)
Completed 200 OK in 9.5ms (Views: 7.3ms | ActiveRecord: 0.4ms)


Started GET "/assets/reviews.css?body=1" for 127.0.0.1 at 2015-04-25 22:58:40 -0700
Served asset /reviews.css - 304 Not Modified (0ms)


Started GET "/assets/jquery_ujs.js?body=1" for 127.0.0.1 at 2015-04-25 22:58:40 -0700
Served asset /jquery_ujs.js - 304 Not Modified (0ms)


Started GET "/assets/jquery.js?body=1" for 127.0.0.1 at 2015-04-25 22:58:40 -0700
Served asset /jquery.js - 304 Not Modified (0ms)


Started GET "/assets/users.css?body=1" for 127.0.0.1 at 2015-04-25 22:58:40 -0700
Served asset /users.css - 304 Not Modified (0ms)


Started GET "/assets/movies.css?body=1" for 127.0.0.1 at 2015-04-25 22:58:40 -0700
Served asset /movies.css - 304 Not Modified (0ms)


Started GET "/assets/movies.js?body=1" for 127.0.0.1 at 2015-04-25 22:58:40 -0700
Served asset /movies.js - 304 Not Modified (0ms)


Started GET "/assets/reviews.js?body=1" for 127.0.0.1 at 2015-04-25 22:58:40 -0700
Served asset /reviews.js - 304 Not Modified (0ms)


Started GET "/assets/users.js?body=1" for 127.0.0.1 at 2015-04-25 22:58:40 -0700
Served asset /users.js - 304 Not Modified (0ms)


Started GET "/assets/application.js?body=1" for 127.0.0.1 at 2015-04-25 22:58:40 -0700
Served asset /application.js - 304 Not Modified (0ms)


Started GET "/movies/new" for 127.0.0.1 at 2015-04-25 22:58:45 -0700
Processing by MoviesController#new as HTML
  Rendered movies/_movie_form.html.haml (2.6ms)
  Rendered movies/new.html.haml within layouts/application (4.2ms)
Completed 200 OK in 8.8ms (Views: 8.4ms | ActiveRecord: 0.0ms)


Started GET "/assets/movies.css?body=1" for 127.0.0.1 at 2015-04-25 22:58:45 -0700
Served asset /movies.css - 304 Not Modified (0ms)


Started GET "/assets/users.css?body=1" for 127.0.0.1 at 2015-04-25 22:58:45 -0700
Served asset /users.css - 304 Not Modified (0ms)


Started GET "/assets/jquery_ujs.js?body=1" for 127.0.0.1 at 2015-04-25 22:58:45 -0700
Served asset /jquery_ujs.js - 304 Not Modified (0ms)


Started GET "/assets/reviews.css?body=1" for 127.0.0.1 at 2015-04-25 22:58:45 -0700
Served asset /reviews.css - 304 Not Modified (0ms)


Started GET "/assets/movies.js?body=1" for 127.0.0.1 at 2015-04-25 22:58:45 -0700
Served asset /movies.js - 304 Not Modified (0ms)


Started GET "/assets/jquery.js?body=1" for 127.0.0.1 at 2015-04-25 22:58:45 -0700
Served asset /jquery.js - 304 Not Modified (0ms)


Started GET "/assets/reviews.js?body=1" for 127.0.0.1 at 2015-04-25 22:58:45 -0700
Served asset /reviews.js - 304 Not Modified (0ms)


Started GET "/assets/users.js?body=1" for 127.0.0.1 at 2015-04-25 22:58:45 -0700
Served asset /users.js - 304 Not Modified (0ms)


Started GET "/assets/application.js?body=1" for 127.0.0.1 at 2015-04-25 22:58:45 -0700
Served asset /application.js - 304 Not Modified (0ms)


Started POST "/movies" for 127.0.0.1 at 2015-04-25 22:58:50 -0700
Processing by MoviesController#create as HTML
  Parameters: {"utf8"=>"✓", "authenticity_token"=>"1gDHV0ieUJA2N816DgoWmt45b7KDrnxNmh41jFRd54Q=", "movie"=>{"title"=>"Harry potter", "rating"=>"G", "release_date(1i)"=>"2015", "release_date(2i)"=>"4", "release_date(3i)"=>"26"}, "commit"=>"Save Changes"}
  [1m[35m (0.1ms)[0m  begin transaction
  [1m[36mSQL (74.0ms)[0m  [1mINSERT INTO "movies" ("created_at", "description", "rating", "release_date", "title", "updated_at") VALUES (?, ?, ?, ?, ?, ?)[0m  [["created_at", Sun, 26 Apr 2015 05:58:50 UTC +00:00], ["description", nil], ["rating", "G"], ["release_date", Sun, 26 Apr 2015 00:00:00 UTC +00:00], ["title", "Harry Potter"], ["updated_at", Sun, 26 Apr 2015 05:58:50 UTC +00:00]]
  [1m[35m (89.9ms)[0m  commit transaction
Redirected to http://localhost:3000/movies
Completed 302 Found in 169.8ms (ActiveRecord: 164.0ms)


Started GET "/movies" for 127.0.0.1 at 2015-04-25 22:58:50 -0700
Processing by MoviesController#index as HTML
  [1m[36mMovie Load (0.3ms)[0m  [1mSELECT "movies".* FROM "movies" WHERE "movies"."rating" IN ('G', 'PG', 'PG-13', 'R', 'NC-17') ORDER BY release_date[0m
  Rendered movies/index.html.haml within layouts/application (4.0ms)
Completed 200 OK in 10.6ms (Views: 8.9ms | ActiveRecord: 0.3ms)


Started GET "/assets/movies.css?body=1" for 127.0.0.1 at 2015-04-25 22:58:50 -0700
Served asset /movies.css - 304 Not Modified (0ms)


Started GET "/assets/jquery.js?body=1" for 127.0.0.1 at 2015-04-25 22:58:50 -0700
Served asset /jquery.js - 304 Not Modified (0ms)


Started GET "/assets/reviews.css?body=1" for 127.0.0.1 at 2015-04-25 22:58:50 -0700
Served asset /reviews.css - 304 Not Modified (0ms)


Started GET "/assets/movies.js?body=1" for 127.0.0.1 at 2015-04-25 22:58:50 -0700
Served asset /movies.js - 304 Not Modified (0ms)


Started GET "/assets/jquery_ujs.js?body=1" for 127.0.0.1 at 2015-04-25 22:58:50 -0700
Served asset /jquery_ujs.js - 304 Not Modified (0ms)


Started GET "/assets/users.css?body=1" for 127.0.0.1 at 2015-04-25 22:58:51 -0700
Served asset /users.css - 304 Not Modified (0ms)


Started GET "/assets/reviews.js?body=1" for 127.0.0.1 at 2015-04-25 22:58:51 -0700
Served asset /reviews.js - 304 Not Modified (0ms)


Started GET "/assets/users.js?body=1" for 127.0.0.1 at 2015-04-25 22:58:51 -0700
Served asset /users.js - 304 Not Modified (0ms)


Started GET "/assets/application.js?body=1" for 127.0.0.1 at 2015-04-25 22:58:51 -0700
Served asset /application.js - 304 Not Modified (0ms)


Started GET "/movies/new" for 127.0.0.1 at 2015-04-25 22:58:59 -0700
Processing by MoviesController#new as HTML
  Rendered movies/_movie_form.html.haml (2.0ms)
  Rendered movies/new.html.haml within layouts/application (3.8ms)
Completed 200 OK in 9.6ms (Views: 9.3ms | ActiveRecord: 0.0ms)


Started GET "/assets/reviews.css?body=1" for 127.0.0.1 at 2015-04-25 22:58:59 -0700
Served asset /reviews.css - 304 Not Modified (0ms)


Started GET "/assets/movies.css?body=1" for 127.0.0.1 at 2015-04-25 22:58:59 -0700
Served asset /movies.css - 304 Not Modified (0ms)


Started GET "/assets/users.css?body=1" for 127.0.0.1 at 2015-04-25 22:58:59 -0700
Served asset /users.css - 304 Not Modified (0ms)


Started GET "/assets/jquery.js?body=1" for 127.0.0.1 at 2015-04-25 22:58:59 -0700
Served asset /jquery.js - 304 Not Modified (0ms)


Started GET "/assets/movies.js?body=1" for 127.0.0.1 at 2015-04-25 22:58:59 -0700
Served asset /movies.js - 304 Not Modified (0ms)


Started GET "/assets/jquery_ujs.js?body=1" for 127.0.0.1 at 2015-04-25 22:58:59 -0700
Served asset /jquery_ujs.js - 304 Not Modified (0ms)


Started GET "/assets/reviews.js?body=1" for 127.0.0.1 at 2015-04-25 22:58:59 -0700
Served asset /reviews.js - 304 Not Modified (0ms)


Started GET "/assets/users.js?body=1" for 127.0.0.1 at 2015-04-25 22:58:59 -0700
Served asset /users.js - 304 Not Modified (0ms)


Started GET "/assets/application.js?body=1" for 127.0.0.1 at 2015-04-25 22:58:59 -0700
Served asset /application.js - 304 Not Modified (0ms)


Started POST "/movies" for 127.0.0.1 at 2015-04-25 22:59:14 -0700
Processing by MoviesController#create as HTML
  Parameters: {"utf8"=>"✓", "authenticity_token"=>"1gDHV0ieUJA2N816DgoWmt45b7KDrnxNmh41jFRd54Q=", "movie"=>{"title"=>"Notebook", "rating"=>"PG", "release_date(1i)"=>"2013", "release_date(2i)"=>"4", "release_date(3i)"=>"26"}, "commit"=>"Save Changes"}
  [1m[35m (0.1ms)[0m  begin transaction
  [1m[36mSQL (0.4ms)[0m  [1mINSERT INTO "movies" ("created_at", "description", "rating", "release_date", "title", "updated_at") VALUES (?, ?, ?, ?, ?, ?)[0m  [["created_at", Sun, 26 Apr 2015 05:59:14 UTC +00:00], ["description", nil], ["rating", "PG"], ["release_date", Fri, 26 Apr 2013 00:00:00 UTC +00:00], ["title", "Notebook"], ["updated_at", Sun, 26 Apr 2015 05:59:14 UTC +00:00]]
  [1m[35m (1.0ms)[0m  commit transaction
Redirected to http://localhost:3000/movies
Completed 302 Found in 3.9ms (ActiveRecord: 1.5ms)


Started GET "/movies" for 127.0.0.1 at 2015-04-25 22:59:14 -0700
Processing by MoviesController#index as HTML
  [1m[36mMovie Load (0.4ms)[0m  [1mSELECT "movies".* FROM "movies" WHERE "movies"."rating" IN ('G', 'PG', 'PG-13', 'R', 'NC-17') ORDER BY release_date[0m
  Rendered movies/index.html.haml within layouts/application (4.9ms)
Completed 200 OK in 11.5ms (Views: 9.8ms | ActiveRecord: 0.4ms)


Started GET "/assets/application.css?body=1" for 127.0.0.1 at 2015-04-25 22:59:14 -0700
Served asset /application.css - 304 Not Modified (0ms)


Started GET "/assets/users.css?body=1" for 127.0.0.1 at 2015-04-25 22:59:14 -0700
Served asset /users.css - 304 Not Modified (0ms)


Started GET "/assets/movies.css?body=1" for 127.0.0.1 at 2015-04-25 22:59:14 -0700
Served asset /movies.css - 304 Not Modified (0ms)


Started GET "/assets/reviews.css?body=1" for 127.0.0.1 at 2015-04-25 22:59:14 -0700
Served asset /reviews.css - 304 Not Modified (0ms)


Started GET "/assets/movies.js?body=1" for 127.0.0.1 at 2015-04-25 22:59:14 -0700
Served asset /movies.js - 304 Not Modified (0ms)


Started GET "/assets/jquery.js?body=1" for 127.0.0.1 at 2015-04-25 22:59:14 -0700
Served asset /jquery.js - 304 Not Modified (0ms)


Started GET "/assets/jquery_ujs.js?body=1" for 127.0.0.1 at 2015-04-25 22:59:14 -0700
Served asset /jquery_ujs.js - 304 Not Modified (0ms)


Started GET "/assets/reviews.js?body=1" for 127.0.0.1 at 2015-04-25 22:59:14 -0700
Served asset /reviews.js - 304 Not Modified (0ms)


Started GET "/assets/application.js?body=1" for 127.0.0.1 at 2015-04-25 22:59:14 -0700
Served asset /application.js - 304 Not Modified (0ms)


Started GET "/assets/users.js?body=1" for 127.0.0.1 at 2015-04-25 22:59:14 -0700
Served asset /users.js - 304 Not Modified (0ms)


Started GET "/movies/6" for 127.0.0.1 at 2015-04-25 22:59:19 -0700
Processing by MoviesController#show as HTML
  Parameters: {"id"=>"6"}
  [1m[35mMovie Load (0.3ms)[0m  SELECT "movies".* FROM "movies" WHERE "movies"."id" = ? LIMIT 1  [["id", "6"]]
  Rendered movies/show.html.haml within layouts/application (3.4ms)
Completed 200 OK in 55.9ms (Views: 54.0ms | ActiveRecord: 0.3ms)


Started GET "/assets/application.css?body=1" for 127.0.0.1 at 2015-04-25 22:59:19 -0700
Served asset /application.css - 304 Not Modified (0ms)


Started GET "/assets/movies.css?body=1" for 127.0.0.1 at 2015-04-25 22:59:19 -0700
Served asset /movies.css - 304 Not Modified (0ms)


Started GET "/assets/reviews.css?body=1" for 127.0.0.1 at 2015-04-25 22:59:19 -0700
Served asset /reviews.css - 304 Not Modified (0ms)


Started GET "/assets/jquery.js?body=1" for 127.0.0.1 at 2015-04-25 22:59:19 -0700
Served asset /jquery.js - 304 Not Modified (0ms)


Started GET "/assets/jquery_ujs.js?body=1" for 127.0.0.1 at 2015-04-25 22:59:19 -0700
Served asset /jquery_ujs.js - 304 Not Modified (0ms)


Started GET "/assets/users.js?body=1" for 127.0.0.1 at 2015-04-25 22:59:19 -0700
Served asset /users.js - 304 Not Modified (0ms)


Started GET "/assets/users.css?body=1" for 127.0.0.1 at 2015-04-25 22:59:19 -0700
Served asset /users.css - 304 Not Modified (0ms)


Started GET "/assets/movies.js?body=1" for 127.0.0.1 at 2015-04-25 22:59:19 -0700
Served asset /movies.js - 304 Not Modified (0ms)


Started GET "/assets/reviews.js?body=1" for 127.0.0.1 at 2015-04-25 22:59:19 -0700
Served asset /reviews.js - 304 Not Modified (0ms)


Started GET "/assets/application.js?body=1" for 127.0.0.1 at 2015-04-25 22:59:19 -0700
Served asset /application.js - 304 Not Modified (0ms)


Started DELETE "/movies/6" for 127.0.0.1 at 2015-04-25 22:59:21 -0700
Processing by MoviesController#destroy as HTML
  Parameters: {"authenticity_token"=>"1gDHV0ieUJA2N816DgoWmt45b7KDrnxNmh41jFRd54Q=", "id"=>"6"}
  [1m[36mMovie Load (0.1ms)[0m  [1mSELECT "movies".* FROM "movies" WHERE "movies"."id" = ? LIMIT 1[0m  [["id", "6"]]
  [1m[35m (0.0ms)[0m  begin transaction
  [1m[36mSQL (0.3ms)[0m  [1mDELETE FROM "movies" WHERE "movies"."id" = ?[0m  [["id", 6]]
  [1m[35m (1.3ms)[0m  commit transaction
Redirected to http://localhost:3000/movies
Completed 302 Found in 4.3ms (ActiveRecord: 1.8ms)


Started GET "/movies" for 127.0.0.1 at 2015-04-25 22:59:21 -0700
Processing by MoviesController#index as HTML
  [1m[36mMovie Load (0.3ms)[0m  [1mSELECT "movies".* FROM "movies" WHERE "movies"."rating" IN ('G', 'PG', 'PG-13', 'R', 'NC-17') ORDER BY release_date[0m
  Rendered movies/index.html.haml within layouts/application (3.2ms)
Completed 200 OK in 8.8ms (Views: 7.4ms | ActiveRecord: 0.3ms)


Started GET "/assets/application.css?body=1" for 127.0.0.1 at 2015-04-25 22:59:21 -0700
Served asset /application.css - 304 Not Modified (0ms)


Started GET "/assets/movies.css?body=1" for 127.0.0.1 at 2015-04-25 22:59:21 -0700
Served asset /movies.css - 304 Not Modified (0ms)


Started GET "/assets/jquery_ujs.js?body=1" for 127.0.0.1 at 2015-04-25 22:59:21 -0700
Served asset /jquery_ujs.js - 304 Not Modified (0ms)


Started GET "/assets/reviews.css?body=1" for 127.0.0.1 at 2015-04-25 22:59:21 -0700
Served asset /reviews.css - 304 Not Modified (0ms)


Started GET "/assets/jquery.js?body=1" for 127.0.0.1 at 2015-04-25 22:59:21 -0700
Served asset /jquery.js - 304 Not Modified (0ms)


Started GET "/assets/users.css?body=1" for 127.0.0.1 at 2015-04-25 22:59:21 -0700
Served asset /users.css - 304 Not Modified (0ms)


Started GET "/assets/reviews.js?body=1" for 127.0.0.1 at 2015-04-25 22:59:21 -0700
Served asset /reviews.js - 304 Not Modified (0ms)


Started GET "/assets/movies.js?body=1" for 127.0.0.1 at 2015-04-25 22:59:21 -0700
Served asset /movies.js - 304 Not Modified (0ms)


Started GET "/assets/users.js?body=1" for 127.0.0.1 at 2015-04-25 22:59:21 -0700
Served asset /users.js - 304 Not Modified (0ms)


Started GET "/assets/application.js?body=1" for 127.0.0.1 at 2015-04-25 22:59:21 -0700
Served asset /application.js - 304 Not Modified (0ms)


Started POST "/movies/search_tmdb" for 127.0.0.1 at 2015-04-25 22:59:30 -0700
Processing by MoviesController#search_tmdb as HTML
  Parameters: {"utf8"=>"✓", "authenticity_token"=>"1gDHV0ieUJA2N816DgoWmt45b7KDrnxNmh41jFRd54Q=", "search_terms"=>"Notebook", "commit"=>"Search TMDb"}
Completed 500 Internal Server Error in 462.0ms

NoMethodError (undefined method `collect' for nil:NilClass):
  app/models/movie.rb:54:in `find_in_tmdb'
  app/controllers/movies_controller.rb:91:in `search_tmdb'


  Rendered /Users/winniecheung/.rvm/gems/ruby-1.9.3-p551/gems/actionpack-3.2.16/lib/action_dispatch/middleware/templates/rescues/_trace.erb (1.2ms)
  Rendered /Users/winniecheung/.rvm/gems/ruby-1.9.3-p551/gems/actionpack-3.2.16/lib/action_dispatch/middleware/templates/rescues/_request_and_response.erb (0.9ms)
  Rendered /Users/winniecheung/.rvm/gems/ruby-1.9.3-p551/gems/actionpack-3.2.16/lib/action_dispatch/middleware/templates/rescues/diagnostics.erb within rescues/layout (11.4ms)


Started GET "/movies/new" for 127.0.0.1 at 2015-04-25 22:59:35 -0700
Processing by MoviesController#new as HTML
  Rendered movies/_movie_form.html.haml (2.0ms)
  Rendered movies/new.html.haml within layouts/application (3.6ms)
Completed 200 OK in 7.6ms (Views: 7.4ms | ActiveRecord: 0.0ms)


Started GET "/assets/application.css?body=1" for 127.0.0.1 at 2015-04-25 22:59:35 -0700
Served asset /application.css - 304 Not Modified (0ms)


Started GET "/assets/movies.css?body=1" for 127.0.0.1 at 2015-04-25 22:59:35 -0700
Served asset /movies.css - 304 Not Modified (0ms)


Started GET "/assets/jquery.js?body=1" for 127.0.0.1 at 2015-04-25 22:59:35 -0700
Served asset /jquery.js - 304 Not Modified (0ms)


Started GET "/assets/jquery_ujs.js?body=1" for 127.0.0.1 at 2015-04-25 22:59:35 -0700
Served asset /jquery_ujs.js - 304 Not Modified (0ms)


Started GET "/assets/reviews.css?body=1" for 127.0.0.1 at 2015-04-25 22:59:35 -0700
Served asset /reviews.css - 304 Not Modified (0ms)


Started GET "/assets/users.css?body=1" for 127.0.0.1 at 2015-04-25 22:59:35 -0700
Served asset /users.css - 304 Not Modified (0ms)


Started GET "/assets/movies.js?body=1" for 127.0.0.1 at 2015-04-25 22:59:35 -0700
Served asset /movies.js - 304 Not Modified (0ms)


Started GET "/assets/reviews.js?body=1" for 127.0.0.1 at 2015-04-25 22:59:35 -0700
Served asset /reviews.js - 304 Not Modified (0ms)


Started GET "/assets/application.js?body=1" for 127.0.0.1 at 2015-04-25 22:59:35 -0700
Served asset /application.js - 304 Not Modified (0ms)


Started GET "/assets/users.js?body=1" for 127.0.0.1 at 2015-04-25 22:59:35 -0700
Served asset /users.js - 304 Not Modified (0ms)


Started POST "/movies" for 127.0.0.1 at 2015-04-25 22:59:45 -0700
Processing by MoviesController#create as HTML
  Parameters: {"utf8"=>"✓", "authenticity_token"=>"1gDHV0ieUJA2N816DgoWmt45b7KDrnxNmh41jFRd54Q=", "movie"=>{"title"=>"Notebook", "rating"=>"G", "release_date(1i)"=>"2012", "release_date(2i)"=>"1", "release_date(3i)"=>"26"}, "commit"=>"Save Changes"}
  [1m[35m (0.1ms)[0m  begin transaction
  [1m[36mSQL (0.5ms)[0m  [1mINSERT INTO "movies" ("created_at", "description", "rating", "release_date", "title", "updated_at") VALUES (?, ?, ?, ?, ?, ?)[0m  [["created_at", Sun, 26 Apr 2015 05:59:45 UTC +00:00], ["description", nil], ["rating", "G"], ["release_date", Thu, 26 Jan 2012 00:00:00 UTC +00:00], ["title", "Notebook"], ["updated_at", Sun, 26 Apr 2015 05:59:45 UTC +00:00]]
  [1m[35m (36.3ms)[0m  commit transaction
Redirected to http://localhost:3000/movies
Completed 302 Found in 39.8ms (ActiveRecord: 36.9ms)


Started GET "/movies" for 127.0.0.1 at 2015-04-25 22:59:45 -0700
Processing by MoviesController#index as HTML
  [1m[36mMovie Load (0.3ms)[0m  [1mSELECT "movies".* FROM "movies" WHERE "movies"."rating" IN ('G', 'PG', 'PG-13', 'R', 'NC-17') ORDER BY release_date[0m
  Rendered movies/index.html.haml within layouts/application (3.5ms)
Completed 200 OK in 8.6ms (Views: 7.4ms | ActiveRecord: 0.3ms)


Started GET "/assets/reviews.css?body=1" for 127.0.0.1 at 2015-04-25 22:59:45 -0700
Served asset /reviews.css - 304 Not Modified (0ms)


Started GET "/assets/jquery_ujs.js?body=1" for 127.0.0.1 at 2015-04-25 22:59:45 -0700
Served asset /jquery_ujs.js - 304 Not Modified (0ms)


Started GET "/assets/movies.css?body=1" for 127.0.0.1 at 2015-04-25 22:59:45 -0700
Served asset /movies.css - 304 Not Modified (0ms)


Started GET "/assets/users.css?body=1" for 127.0.0.1 at 2015-04-25 22:59:45 -0700
Served asset /users.css - 304 Not Modified (0ms)


Started GET "/assets/jquery.js?body=1" for 127.0.0.1 at 2015-04-25 22:59:45 -0700
Served asset /jquery.js - 304 Not Modified (0ms)


Started GET "/assets/application.css?body=1" for 127.0.0.1 at 2015-04-25 22:59:45 -0700
Served asset /application.css - 304 Not Modified (0ms)


Started GET "/assets/movies.js?body=1" for 127.0.0.1 at 2015-04-25 22:59:45 -0700
Served asset /movies.js - 304 Not Modified (0ms)


Started GET "/assets/reviews.js?body=1" for 127.0.0.1 at 2015-04-25 22:59:45 -0700
Served asset /reviews.js - 304 Not Modified (0ms)


Started GET "/assets/application.js?body=1" for 127.0.0.1 at 2015-04-25 22:59:45 -0700
Served asset /application.js - 304 Not Modified (0ms)


Started GET "/assets/users.js?body=1" for 127.0.0.1 at 2015-04-25 22:59:45 -0700
Served asset /users.js - 304 Not Modified (0ms)


Started GET "/movies/7" for 127.0.0.1 at 2015-04-25 22:59:48 -0700
Processing by MoviesController#show as HTML
  Parameters: {"id"=>"7"}
  [1m[35mMovie Load (0.2ms)[0m  SELECT "movies".* FROM "movies" WHERE "movies"."id" = ? LIMIT 1  [["id", "7"]]
  Rendered movies/show.html.haml within layouts/application (1.2ms)
Completed 200 OK in 8.1ms (Views: 6.7ms | ActiveRecord: 0.2ms)


Started GET "/assets/application.css?body=1" for 127.0.0.1 at 2015-04-25 22:59:49 -0700
Served asset /application.css - 304 Not Modified (0ms)


Started GET "/assets/jquery_ujs.js?body=1" for 127.0.0.1 at 2015-04-25 22:59:49 -0700
Served asset /jquery_ujs.js - 304 Not Modified (0ms)


Started GET "/assets/jquery.js?body=1" for 127.0.0.1 at 2015-04-25 22:59:49 -0700
Served asset /jquery.js - 304 Not Modified (0ms)


Started GET "/assets/users.css?body=1" for 127.0.0.1 at 2015-04-25 22:59:49 -0700
Served asset /users.css - 304 Not Modified (0ms)


Started GET "/assets/movies.css?body=1" for 127.0.0.1 at 2015-04-25 22:59:49 -0700
Served asset /movies.css - 304 Not Modified (0ms)


Started GET "/assets/reviews.css?body=1" for 127.0.0.1 at 2015-04-25 22:59:49 -0700
Served asset /reviews.css - 304 Not Modified (0ms)


Started GET "/assets/movies.js?body=1" for 127.0.0.1 at 2015-04-25 22:59:49 -0700
Served asset /movies.js - 304 Not Modified (0ms)


Started GET "/assets/reviews.js?body=1" for 127.0.0.1 at 2015-04-25 22:59:49 -0700
Served asset /reviews.js - 304 Not Modified (0ms)


Started GET "/assets/users.js?body=1" for 127.0.0.1 at 2015-04-25 22:59:49 -0700
Served asset /users.js - 304 Not Modified (0ms)


Started GET "/assets/application.js?body=1" for 127.0.0.1 at 2015-04-25 22:59:49 -0700
Served asset /application.js - 304 Not Modified (0ms)


Started GET "/movies?utf8=%E2%9C%93&ratings%5BG%5D=1&ratings%5BPG%5D=1&ratings%5BPG-13%5D=1&ratings%5BNC-17%5D=1&commit=Refresh" for 127.0.0.1 at 2015-04-25 23:00:04 -0700
Processing by MoviesController#index as HTML
  Parameters: {"utf8"=>"✓", "ratings"=>{"G"=>"1", "PG"=>"1", "PG-13"=>"1", "NC-17"=>"1"}, "commit"=>"Refresh"}
Redirected to http://localhost:3000/movies?commit=Refresh&ratings%5BG%5D=1&ratings%5BNC-17%5D=1&ratings%5BPG%5D=1&ratings%5BPG-13%5D=1&sort_by=release_date&utf8=%E2%9C%93
  [1m[36mMovie Load (0.3ms)[0m  [1mSELECT "movies".* FROM "movies" WHERE "movies"."rating" IN ('G', 'PG', 'PG-13', 'NC-17') ORDER BY release_date[0m
Completed 302 Found in 2.1ms (ActiveRecord: 0.3ms)


Started GET "/movies?commit=Refresh&ratings%5BG%5D=1&ratings%5BNC-17%5D=1&ratings%5BPG%5D=1&ratings%5BPG-13%5D=1&sort_by=release_date&utf8=%E2%9C%93" for 127.0.0.1 at 2015-04-25 23:00:04 -0700
Processing by MoviesController#index as HTML
  Parameters: {"commit"=>"Refresh", "ratings"=>{"G"=>"1", "NC-17"=>"1", "PG"=>"1", "PG-13"=>"1"}, "sort_by"=>"release_date", "utf8"=>"✓"}
  [1m[35mMovie Load (0.3ms)[0m  SELECT "movies".* FROM "movies" WHERE "movies"."rating" IN ('G', 'NC-17', 'PG', 'PG-13') ORDER BY release_date
  Rendered movies/index.html.haml within layouts/application (3.1ms)
Completed 200 OK in 9.5ms (Views: 8.3ms | ActiveRecord: 0.3ms)


Started GET "/assets/application.css?body=1" for 127.0.0.1 at 2015-04-25 23:00:04 -0700
Served asset /application.css - 304 Not Modified (0ms)


Started GET "/assets/users.css?body=1" for 127.0.0.1 at 2015-04-25 23:00:04 -0700
Served asset /users.css - 304 Not Modified (0ms)


Started GET "/assets/reviews.css?body=1" for 127.0.0.1 at 2015-04-25 23:00:04 -0700
Served asset /reviews.css - 304 Not Modified (0ms)


Started GET "/assets/jquery_ujs.js?body=1" for 127.0.0.1 at 2015-04-25 23:00:04 -0700
Served asset /jquery_ujs.js - 304 Not Modified (0ms)


Started GET "/assets/movies.css?body=1" for 127.0.0.1 at 2015-04-25 23:00:04 -0700
Served asset /movies.css - 304 Not Modified (0ms)


Started GET "/assets/jquery.js?body=1" for 127.0.0.1 at 2015-04-25 23:00:04 -0700
Served asset /jquery.js - 304 Not Modified (0ms)


Started GET "/assets/movies.js?body=1" for 127.0.0.1 at 2015-04-25 23:00:04 -0700
Served asset /movies.js - 304 Not Modified (0ms)


Started GET "/assets/reviews.js?body=1" for 127.0.0.1 at 2015-04-25 23:00:04 -0700
Served asset /reviews.js - 304 Not Modified (0ms)


Started GET "/assets/users.js?body=1" for 127.0.0.1 at 2015-04-25 23:00:04 -0700
Served asset /users.js - 304 Not Modified (0ms)


Started GET "/assets/application.js?body=1" for 127.0.0.1 at 2015-04-25 23:00:04 -0700
Served asset /application.js - 304 Not Modified (0ms)
Connecting to database specified by database.yml
  [1m[36m (2.5ms)[0m  [1mSELECT "schema_migrations"."version" FROM "schema_migrations" [0m
Migrating to CreateMovies (20150216222942)
Migrating to CreateMovieusers (20150309190841)
Migrating to CreateReviews (20150316215729)
Migrating to CreateUsers (20150325173341)
Migrating to AddNameToUser (20150330173145)
  [1m[35m (0.1ms)[0m  select sqlite_version(*)
  [1m[36m (0.1ms)[0m  [1mSELECT "schema_migrations"."version" FROM "schema_migrations" [0m
Connecting to database specified by database.yml
  [1m[36m (2.0ms)[0m  [1mSELECT "schema_migrations"."version" FROM "schema_migrations" [0m
  [1m[35m (0.1ms)[0m  begin transaction
  [1m[36mSQL (23.5ms)[0m  [1mINSERT INTO "movies" ("created_at", "description", "rating", "release_date", "title", "updated_at") VALUES (?, ?, ?, ?, ?, ?)[0m  [["created_at", Sun, 26 Apr 2015 06:38:12 UTC +00:00], ["description", nil], ["rating", "G"], ["release_date", Wed, 25 Nov 1992 00:00:00 UTC +00:00], ["title", "Aladdin"], ["updated_at", Sun, 26 Apr 2015 06:38:12 UTC +00:00]]
  [1m[35m (1.8ms)[0m  commit transaction
  [1m[36m (0.1ms)[0m  [1mbegin transaction[0m
  [1m[35mSQL (0.5ms)[0m  INSERT INTO "movies" ("created_at", "description", "rating", "release_date", "title", "updated_at") VALUES (?, ?, ?, ?, ?, ?)  [["created_at", Sun, 26 Apr 2015 06:38:12 UTC +00:00], ["description", nil], ["rating", "R"], ["release_date", Fri, 21 Jul 1989 00:00:00 UTC +00:00], ["title", "When Harry Met Sally"], ["updated_at", Sun, 26 Apr 2015 06:38:12 UTC +00:00]]
  [1m[36m (1.5ms)[0m  [1mcommit transaction[0m
  [1m[35m (0.1ms)[0m  begin transaction
  [1m[36mSQL (0.4ms)[0m  [1mINSERT INTO "movies" ("created_at", "description", "rating", "release_date", "title", "updated_at") VALUES (?, ?, ?, ?, ?, ?)[0m  [["created_at", Sun, 26 Apr 2015 06:38:12 UTC +00:00], ["description", nil], ["rating", "PG-13"], ["release_date", Wed, 10 Aug 2011 00:00:00 UTC +00:00], ["title", "The Help"], ["updated_at", Sun, 26 Apr 2015 06:38:12 UTC +00:00]]
  [1m[35m (1.3ms)[0m  commit transaction
  [1m[36m (0.1ms)[0m  [1mbegin transaction[0m
  [1m[35mSQL (0.4ms)[0m  INSERT INTO "movies" ("created_at", "description", "rating", "release_date", "title", "updated_at") VALUES (?, ?, ?, ?, ?, ?)  [["created_at", Sun, 26 Apr 2015 06:38:12 UTC +00:00], ["description", nil], ["rating", "PG"], ["release_date", Fri, 12 Jun 1981 00:00:00 UTC +00:00], ["title", "Raiders Of The Lost Ark"], ["updated_at", Sun, 26 Apr 2015 06:38:12 UTC +00:00]]
  [1m[36m (1.3ms)[0m  [1mcommit transaction[0m


Started GET "/movies?commit=Refresh&ratings%5BG%5D=1&ratings%5BNC-17%5D=1&ratings%5BPG%5D=1&ratings%5BPG-13%5D=1&sort_by=release_date&utf8=%E2%9C%93" for 127.0.0.1 at 2015-04-25 23:38:29 -0700
Connecting to database specified by database.yml
Processing by MoviesController#index as HTML
  Parameters: {"commit"=>"Refresh", "ratings"=>{"G"=>"1", "NC-17"=>"1", "PG"=>"1", "PG-13"=>"1"}, "sort_by"=>"release_date", "utf8"=>"✓"}
  [1m[36mMovie Load (0.4ms)[0m  [1mSELECT "movies".* FROM "movies" WHERE "movies"."rating" IN ('G', 'NC-17', 'PG', 'PG-13') ORDER BY release_date[0m
  Rendered movies/index.html.haml within layouts/application (11.4ms)
Completed 200 OK in 178.0ms (Views: 114.4ms | ActiveRecord: 2.5ms)


Started GET "/assets/application.css?body=1" for 127.0.0.1 at 2015-04-25 23:38:29 -0700
Served asset /application.css - 304 Not Modified (7ms)


Started GET "/assets/users.css?body=1" for 127.0.0.1 at 2015-04-25 23:38:29 -0700
Served asset /users.css - 304 Not Modified (1ms)


Started GET "/assets/jquery.js?body=1" for 127.0.0.1 at 2015-04-25 23:38:29 -0700
Served asset /jquery.js - 304 Not Modified (4ms)


Started GET "/assets/movies.css?body=1" for 127.0.0.1 at 2015-04-25 23:38:29 -0700
Served asset /movies.css - 304 Not Modified (1ms)


Started GET "/assets/jquery_ujs.js?body=1" for 127.0.0.1 at 2015-04-25 23:38:29 -0700
Served asset /jquery_ujs.js - 304 Not Modified (1ms)


Started GET "/assets/reviews.css?body=1" for 127.0.0.1 at 2015-04-25 23:38:29 -0700
Served asset /reviews.css - 304 Not Modified (1ms)


Started GET "/assets/movies.js?body=1" for 127.0.0.1 at 2015-04-25 23:38:29 -0700
Served asset /movies.js - 304 Not Modified (1ms)


Started GET "/assets/reviews.js?body=1" for 127.0.0.1 at 2015-04-25 23:38:29 -0700
Served asset /reviews.js - 304 Not Modified (2ms)


Started GET "/assets/users.js?body=1" for 127.0.0.1 at 2015-04-25 23:38:29 -0700
Served asset /users.js - 304 Not Modified (1ms)


Started GET "/assets/application.js?body=1" for 127.0.0.1 at 2015-04-25 23:38:29 -0700
Served asset /application.js - 304 Not Modified (5ms)


Started GET "/movies?commit=Refresh&ratings%5BG%5D=1&ratings%5BNC-17%5D=1&ratings%5BPG%5D=1&ratings%5BPG-13%5D=1&sort_by=release_date&utf8=%E2%9C%93" for 127.0.0.1 at 2015-04-25 23:38:33 -0700
Processing by MoviesController#index as HTML
  Parameters: {"commit"=>"Refresh", "ratings"=>{"G"=>"1", "NC-17"=>"1", "PG"=>"1", "PG-13"=>"1"}, "sort_by"=>"release_date", "utf8"=>"✓"}
  [1m[35mMovie Load (0.3ms)[0m  SELECT "movies".* FROM "movies" WHERE "movies"."rating" IN ('G', 'NC-17', 'PG', 'PG-13') ORDER BY release_date
  Rendered movies/index.html.haml within layouts/application (3.9ms)
Completed 200 OK in 39.5ms (Views: 37.7ms | ActiveRecord: 0.3ms)


Started GET "/assets/movies.css?body=1" for 127.0.0.1 at 2015-04-25 23:38:33 -0700
Served asset /movies.css - 304 Not Modified (0ms)


Started GET "/assets/users.css?body=1" for 127.0.0.1 at 2015-04-25 23:38:33 -0700
Served asset /users.css - 304 Not Modified (0ms)


Started GET "/assets/application.css?body=1" for 127.0.0.1 at 2015-04-25 23:38:33 -0700
Served asset /application.css - 304 Not Modified (0ms)


Started GET "/assets/jquery_ujs.js?body=1" for 127.0.0.1 at 2015-04-25 23:38:33 -0700
Served asset /jquery_ujs.js - 304 Not Modified (0ms)


Started GET "/assets/reviews.css?body=1" for 127.0.0.1 at 2015-04-25 23:38:33 -0700
Served asset /reviews.css - 304 Not Modified (0ms)


Started GET "/assets/jquery.js?body=1" for 127.0.0.1 at 2015-04-25 23:38:33 -0700
Served asset /jquery.js - 304 Not Modified (0ms)


Started GET "/assets/reviews.js?body=1" for 127.0.0.1 at 2015-04-25 23:38:33 -0700
Served asset /reviews.js - 304 Not Modified (0ms)


Started GET "/assets/movies.js?body=1" for 127.0.0.1 at 2015-04-25 23:38:33 -0700
Served asset /movies.js - 304 Not Modified (0ms)


Started GET "/assets/users.js?body=1" for 127.0.0.1 at 2015-04-25 23:38:33 -0700
Served asset /users.js - 304 Not Modified (0ms)


Started GET "/assets/application.js?body=1" for 127.0.0.1 at 2015-04-25 23:38:33 -0700
Served asset /application.js - 304 Not Modified (0ms)


Started GET "/movies?sort_by=title" for 127.0.0.1 at 2015-04-25 23:38:35 -0700
Processing by MoviesController#index as HTML
  Parameters: {"sort_by"=>"title"}
Redirected to http://localhost:3000/movies?ratings%5BG%5D=1&ratings%5BNC-17%5D=1&ratings%5BPG%5D=1&ratings%5BPG-13%5D=1&sort_by=title
  [1m[36mMovie Load (0.2ms)[0m  [1mSELECT "movies".* FROM "movies" WHERE "movies"."rating" IS NULL ORDER BY title[0m
Completed 302 Found in 20.7ms (ActiveRecord: 0.2ms)


Started GET "/movies?ratings%5BG%5D=1&ratings%5BNC-17%5D=1&ratings%5BPG%5D=1&ratings%5BPG-13%5D=1&sort_by=title" for 127.0.0.1 at 2015-04-25 23:38:35 -0700
Processing by MoviesController#index as HTML
  Parameters: {"ratings"=>{"G"=>"1", "NC-17"=>"1", "PG"=>"1", "PG-13"=>"1"}, "sort_by"=>"title"}
  [1m[35mMovie Load (0.3ms)[0m  SELECT "movies".* FROM "movies" WHERE "movies"."rating" IN ('G', 'NC-17', 'PG', 'PG-13') ORDER BY title
  Rendered movies/index.html.haml within layouts/application (3.9ms)
Completed 200 OK in 9.2ms (Views: 8.0ms | ActiveRecord: 0.3ms)


Started GET "/assets/movies.css?body=1" for 127.0.0.1 at 2015-04-25 23:38:35 -0700
Served asset /movies.css - 304 Not Modified (0ms)


Started GET "/assets/application.css?body=1" for 127.0.0.1 at 2015-04-25 23:38:35 -0700
Served asset /application.css - 304 Not Modified (0ms)


Started GET "/assets/reviews.css?body=1" for 127.0.0.1 at 2015-04-25 23:38:35 -0700
Served asset /reviews.css - 304 Not Modified (0ms)


Started GET "/assets/jquery.js?body=1" for 127.0.0.1 at 2015-04-25 23:38:35 -0700
Served asset /jquery.js - 304 Not Modified (0ms)


Started GET "/assets/users.css?body=1" for 127.0.0.1 at 2015-04-25 23:38:35 -0700
Served asset /users.css - 304 Not Modified (0ms)


Started GET "/assets/jquery_ujs.js?body=1" for 127.0.0.1 at 2015-04-25 23:38:35 -0700
Served asset /jquery_ujs.js - 304 Not Modified (0ms)


Started GET "/assets/movies.js?body=1" for 127.0.0.1 at 2015-04-25 23:38:35 -0700
Served asset /movies.js - 304 Not Modified (0ms)


Started GET "/assets/reviews.js?body=1" for 127.0.0.1 at 2015-04-25 23:38:35 -0700
Served asset /reviews.js - 304 Not Modified (0ms)


Started GET "/assets/users.js?body=1" for 127.0.0.1 at 2015-04-25 23:38:35 -0700
Served asset /users.js - 304 Not Modified (0ms)


Started GET "/assets/application.js?body=1" for 127.0.0.1 at 2015-04-25 23:38:35 -0700
Served asset /application.js - 304 Not Modified (0ms)


Started GET "/movies?sort_by=release_date" for 127.0.0.1 at 2015-04-25 23:38:36 -0700
Processing by MoviesController#index as HTML
  Parameters: {"sort_by"=>"release_date"}
Redirected to http://localhost:3000/movies?ratings%5BG%5D=1&ratings%5BNC-17%5D=1&ratings%5BPG%5D=1&ratings%5BPG-13%5D=1&sort_by=release_date
  [1m[36mMovie Load (0.2ms)[0m  [1mSELECT "movies".* FROM "movies" WHERE "movies"."rating" IS NULL ORDER BY release_date[0m
Completed 302 Found in 1.4ms (ActiveRecord: 0.2ms)


Started GET "/movies?ratings%5BG%5D=1&ratings%5BNC-17%5D=1&ratings%5BPG%5D=1&ratings%5BPG-13%5D=1&sort_by=release_date" for 127.0.0.1 at 2015-04-25 23:38:36 -0700
Processing by MoviesController#index as HTML
  Parameters: {"ratings"=>{"G"=>"1", "NC-17"=>"1", "PG"=>"1", "PG-13"=>"1"}, "sort_by"=>"release_date"}
  [1m[35mMovie Load (0.4ms)[0m  SELECT "movies".* FROM "movies" WHERE "movies"."rating" IN ('G', 'NC-17', 'PG', 'PG-13') ORDER BY release_date
  Rendered movies/index.html.haml within layouts/application (4.0ms)
Completed 200 OK in 9.9ms (Views: 8.3ms | ActiveRecord: 0.4ms)


Started GET "/assets/application.css?body=1" for 127.0.0.1 at 2015-04-25 23:38:36 -0700
Served asset /application.css - 304 Not Modified (0ms)


Started GET "/assets/movies.css?body=1" for 127.0.0.1 at 2015-04-25 23:38:36 -0700
Served asset /movies.css - 304 Not Modified (0ms)


Started GET "/assets/jquery.js?body=1" for 127.0.0.1 at 2015-04-25 23:38:36 -0700
Served asset /jquery.js - 304 Not Modified (0ms)


Started GET "/assets/jquery_ujs.js?body=1" for 127.0.0.1 at 2015-04-25 23:38:36 -0700
Served asset /jquery_ujs.js - 304 Not Modified (0ms)


Started GET "/assets/users.css?body=1" for 127.0.0.1 at 2015-04-25 23:38:36 -0700
Served asset /users.css - 304 Not Modified (0ms)


Started GET "/assets/reviews.css?body=1" for 127.0.0.1 at 2015-04-25 23:38:36 -0700
Served asset /reviews.css - 304 Not Modified (0ms)


Started GET "/assets/movies.js?body=1" for 127.0.0.1 at 2015-04-25 23:38:36 -0700
Served asset /movies.js - 304 Not Modified (0ms)


Started GET "/assets/reviews.js?body=1" for 127.0.0.1 at 2015-04-25 23:38:36 -0700
Served asset /reviews.js - 304 Not Modified (0ms)


Started GET "/assets/users.js?body=1" for 127.0.0.1 at 2015-04-25 23:38:36 -0700
Served asset /users.js - 304 Not Modified (0ms)


Started GET "/assets/application.js?body=1" for 127.0.0.1 at 2015-04-25 23:38:36 -0700
Served asset /application.js - 304 Not Modified (0ms)
